<?xml version="1.0" encoding="UTF-8"?>
<testng-results ignored="0" total="1" passed="1" failed="0" skipped="0">
  <reporter-output>
    <line>
      <![CDATA[Chrome is launched]]>
    </line>
    <line>
      <![CDATA[Website is launching]]>
    </line>
    <line>
      <![CDATA[User name is entered]]>
    </line>
  </reporter-output>
  <suite started-at="2023-05-09T11:43:27 IST" name="Default suite" finished-at="2023-05-09T11:43:52 IST" duration-ms="25348">
    <groups>
    </groups>
    <test started-at="2023-05-09T11:43:27 IST" name="Default test" finished-at="2023-05-09T11:43:52 IST" duration-ms="25348">
      <class name="hrTests.InvoiceReport">
        <test-method is-config="true" signature="open()[pri:0, instance:hrTests.InvoiceReport@43dac38f]" started-at="2023-05-09T11:43:27 IST" name="open" finished-at="2023-05-09T11:43:31 IST" duration-ms="4200" status="PASS">
          <reporter-output>
            <line>
              <![CDATA[Chrome is launched]]>
            </line>
            <line>
              <![CDATA[Website is launching]]>
            </line>
            <line>
              <![CDATA[User name is entered]]>
            </line>
          </reporter-output>
        </test-method> <!-- open -->
        <test-method signature="In_Voice_Reports()[pri:0, instance:hrTests.InvoiceReport@43dac38f]" started-at="2023-05-09T11:43:31 IST" name="In_Voice_Reports" description="Invoice Reports" finished-at="2023-05-09T11:43:52 IST" duration-ms="21118" status="PASS">
          <reporter-output>
          </reporter-output>
        </test-method> <!-- In_Voice_Reports -->
      </class> <!-- hrTests.InvoiceReport -->
    </test> <!-- Default test -->
  </suite> <!-- Default suite -->
</testng-results>
